e:\coding projects\semester 2\game1011\assignment 2 - sheldon pacheco\assignme.b41f69ee\x64\debug\vc143.pdb
e:\coding projects\semester 2\game1011\assignment 2 - sheldon pacheco\assignme.b41f69ee\x64\debug\vc143.idb
e:\coding projects\semester 2\game1011\assignment 2 - sheldon pacheco\assignme.b41f69ee\x64\debug\timetobattle.obj
e:\coding projects\semester 2\game1011\assignment 2 - sheldon pacheco\assignme.b41f69ee\x64\debug\player.obj
e:\coding projects\semester 2\game1011\assignment 2 - sheldon pacheco\assignme.b41f69ee\x64\debug\enemy.obj
e:\coding projects\semester 2\game1011\assignment 2 - sheldon pacheco\assignme.b41f69ee\x64\debug\charactercreation.obj
e:\coding projects\semester 2\game1011\assignment 2 - sheldon pacheco\assignme.b41f69ee\x64\debug\main.obj
e:\coding projects\semester 2\game1011\assignment 2 - sheldon pacheco\assignme.b41f69ee\x64\debug\assignment 2 - sheldon pacheco.ilk
e:\coding projects\semester 2\game1011\assignment 2 - sheldon pacheco\x64\debug\assignment 2 - sheldon pacheco.pdb
e:\coding projects\semester 2\game1011\assignment 2 - sheldon pacheco\assignme.b41f69ee\x64\debug\assignme.b41f69ee.tlog\cl.command.1.tlog
e:\coding projects\semester 2\game1011\assignment 2 - sheldon pacheco\assignme.b41f69ee\x64\debug\assignme.b41f69ee.tlog\cl.items.tlog
e:\coding projects\semester 2\game1011\assignment 2 - sheldon pacheco\assignme.b41f69ee\x64\debug\assignme.b41f69ee.tlog\cl.read.1.tlog
e:\coding projects\semester 2\game1011\assignment 2 - sheldon pacheco\assignme.b41f69ee\x64\debug\assignme.b41f69ee.tlog\cl.write.1.tlog
e:\coding projects\semester 2\game1011\assignment 2 - sheldon pacheco\assignme.b41f69ee\x64\debug\assignme.b41f69ee.tlog\link.31640-cvtres.read.1.tlog
e:\coding projects\semester 2\game1011\assignment 2 - sheldon pacheco\assignme.b41f69ee\x64\debug\assignme.b41f69ee.tlog\link.31640-cvtres.write.1.tlog
e:\coding projects\semester 2\game1011\assignment 2 - sheldon pacheco\assignme.b41f69ee\x64\debug\assignme.b41f69ee.tlog\link.31640-rc.read.1.tlog
e:\coding projects\semester 2\game1011\assignment 2 - sheldon pacheco\assignme.b41f69ee\x64\debug\assignme.b41f69ee.tlog\link.31640-rc.write.1.tlog
e:\coding projects\semester 2\game1011\assignment 2 - sheldon pacheco\assignme.b41f69ee\x64\debug\assignme.b41f69ee.tlog\link.31640.read.1.tlog
e:\coding projects\semester 2\game1011\assignment 2 - sheldon pacheco\assignme.b41f69ee\x64\debug\assignme.b41f69ee.tlog\link.31640.read.2.tlog
e:\coding projects\semester 2\game1011\assignment 2 - sheldon pacheco\assignme.b41f69ee\x64\debug\assignme.b41f69ee.tlog\link.31640.read.3.tlog
e:\coding projects\semester 2\game1011\assignment 2 - sheldon pacheco\assignme.b41f69ee\x64\debug\assignme.b41f69ee.tlog\link.31640.read.4.tlog
e:\coding projects\semester 2\game1011\assignment 2 - sheldon pacheco\assignme.b41f69ee\x64\debug\assignme.b41f69ee.tlog\link.31640.read.5.tlog
e:\coding projects\semester 2\game1011\assignment 2 - sheldon pacheco\assignme.b41f69ee\x64\debug\assignme.b41f69ee.tlog\link.31640.read.6.tlog
e:\coding projects\semester 2\game1011\assignment 2 - sheldon pacheco\assignme.b41f69ee\x64\debug\assignme.b41f69ee.tlog\link.31640.write.1.tlog
e:\coding projects\semester 2\game1011\assignment 2 - sheldon pacheco\assignme.b41f69ee\x64\debug\assignme.b41f69ee.tlog\link.command.1.tlog
e:\coding projects\semester 2\game1011\assignment 2 - sheldon pacheco\assignme.b41f69ee\x64\debug\assignme.b41f69ee.tlog\link.read.1.tlog
e:\coding projects\semester 2\game1011\assignment 2 - sheldon pacheco\assignme.b41f69ee\x64\debug\assignme.b41f69ee.tlog\link.secondary.1.tlog
e:\coding projects\semester 2\game1011\assignment 2 - sheldon pacheco\assignme.b41f69ee\x64\debug\assignme.b41f69ee.tlog\link.write.1.tlog
