  Lab 3 - Templates and Recursion.cpp
E:\Coding Projects\Semester 2\GAME1011\Lab 3 - Templates and Recursion\Lab 3 - Templates and Recursion.cpp(20,14): warning C4267: 'initializing': conversion from 'size_t' to 'int', possible loss of data
      E:\Coding Projects\Semester 2\GAME1011\Lab 3 - Templates and Recursion\Lab 3 - Templates and Recursion.cpp(20,14):
      the template instantiation context (the oldest one first) is
          E:\Coding Projects\Semester 2\GAME1011\Lab 3 - Templates and Recursion\Lab 3 - Templates and Recursion.cpp(52,52):
          see reference to function template instantiation 'int BinarySearch<int>(const std::vector<int,std::allocator<int>> &,const T &)' being compiled
          with
          [
              T=int
          ]
  
E:\Coding Projects\Semester 2\GAME1011\Lab 3 - Templates and Recursion\Lab 3 - Templates and Recursion.cpp(38,11): warning C4267: 'initializing': conversion from 'size_t' to 'int', possible loss of data
      E:\Coding Projects\Semester 2\GAME1011\Lab 3 - Templates and Recursion\Lab 3 - Templates and Recursion.cpp(38,11):
      the template instantiation context (the oldest one first) is
          E:\Coding Projects\Semester 2\GAME1011\Lab 3 - Templates and Recursion\Lab 3 - Templates and Recursion.cpp(72,5):
          see reference to function template instantiation 'void Sort<int,std::less<int>>(std::vector<int,std::allocator<int>> &,Comparator)' being compiled
          with
          [
              Comparator=std::less<int>
          ]
  
  Lab 3 - Templates and Recursion.vcxproj -> E:\Coding Projects\Semester 2\GAME1011\Lab 3 - Templates and Recursion\x64\Debug\Lab 3 - Templates and Recursion.exe
